[debug] [2021-04-09T14:14:25.856Z] ----------------------------------------------------------------------
[debug] [2021-04-09T14:14:25.858Z] Command:       /home/yongjay/.nvm/versions/node/v12.19.0/bin/node /home/yongjay/.nvm/versions/node/v12.19.0/bin/firebase init
[debug] [2021-04-09T14:14:25.858Z] CLI Version:   9.9.0
[debug] [2021-04-09T14:14:25.858Z] Platform:      linux
[debug] [2021-04-09T14:14:25.858Z] Node Version:  v12.19.0
[debug] [2021-04-09T14:14:25.858Z] Time:          Fri Apr 09 2021 23:14:25 GMT+0900 (Korean Standard Time)
[debug] [2021-04-09T14:14:25.858Z] ----------------------------------------------------------------------
[debug] 
[debug] [2021-04-09T14:14:25.861Z] > command requires scopes: ["email","openid","https://www.googleapis.com/auth/cloudplatformprojects.readonly","https://www.googleapis.com/auth/firebase","https://www.googleapis.com/auth/cloud-platform"]
[debug] [2021-04-09T14:14:25.862Z] > authorizing via signed-in user (mearak43@gmail.com)
[info] 
     ######## #### ########  ######## ########     ###     ######  ########
     ##        ##  ##     ## ##       ##     ##  ##   ##  ##       ##
     ######    ##  ########  ######   ########  #########  ######  ######
     ##        ##  ##    ##  ##       ##     ## ##     ##       ## ##
     ##       #### ##     ## ######## ########  ##     ##  ######  ########

You're about to initialize a Firebase project in this directory:

  /home/yongjay/Documents/Web Development/TIL/J-star-gram

[info] 
=== Project Setup
[info] 
[info] First, let's associate this project directory with a Firebase project.
[info] You can create multiple project aliases by running firebase use --add, 
[info] but for now we'll just set up a default project.
[info] 
[debug] [2021-04-09T14:16:02.106Z] >>> [apiv2][query] GET https://firebase.googleapis.com/v1beta1/projects pageSize=100
[debug] [2021-04-09T14:16:02.856Z] <<< [apiv2][status] GET https://firebase.googleapis.com/v1beta1/projects 200
[debug] [2021-04-09T14:16:02.856Z] <<< [apiv2][body] GET https://firebase.googleapis.com/v1beta1/projects [omitted]
[info] i  Using project j-star-gram (J-star-gram) 
[info] 
=== Hosting Setup
[info] 
[info] Your public directory is the folder (relative to your project directory) that
[info] will contain Hosting assets to be uploaded with firebase deploy. If you
[info] have a build process for your assets, use your build's output directory.
[info] 
